[14:16:11] [Server thread/INFO]: Starting minecraft server version 1.12.2
[14:16:11] [Server thread/INFO]: Loading properties
[14:16:11] [Server thread/INFO]: Default game type: SURVIVAL
[14:16:11] [Server thread/INFO]: Generating keypair
[14:16:11] [Server thread/INFO]: Starting Minecraft server on *:25565
[14:16:11] [Server thread/INFO]: Using default channel type
[14:16:12] [Server thread/WARN]: **** SERVER IS RUNNING IN OFFLINE/INSECURE MODE!
[14:16:12] [Server thread/WARN]: The server will make no attempt to authenticate usernames. Beware.
[14:16:12] [Server thread/WARN]: While this makes the game possible to play without internet access, it also opens up the ability for hackers to connect with any username they choose.
[14:16:12] [Server thread/WARN]: To change this, set "online-mode" to "true" in the server.properties file.
[14:16:12] [Server thread/INFO]: Preparing level "NN"
[14:16:12] [Server thread/INFO]: Loaded 488 advancements
[14:16:12] [Server thread/INFO]: Preparing start region for level 0
[14:16:13] [Server thread/INFO]: Done (1,242s)! For help, type "help" or "?"
[14:24:04] [Server thread/INFO]: Tufra[/127.0.0.1:58517] logged in with entity id 142 at (240.5, 61.0, 140.5)
[14:24:04] [Server thread/INFO]: Tufra joined the game
[14:24:09] [Server thread/WARN]: Can't keep up! Did the system time change, or is the server overloaded? Running 4225ms behind, skipping 84 tick(s)
[14:25:16] [Server thread/INFO]: Tufra lost connection: Internal Exception: java.net.SocketException: Connection reset
[14:25:16] [Server thread/INFO]: Tufra left the game
[14:29:40] [Server Shutdown Thread/INFO]: Stopping server
[14:29:40] [Server Shutdown Thread/INFO]: Saving players
[14:29:40] [Server Shutdown Thread/INFO]: Saving worlds
[14:29:40] [Server Shutdown Thread/INFO]: Saving chunks for level 'NN'/overworld
